android/app/build/intermediates/manifest_merge_blame_file/debug/manifest-merger-blame-debug-report.txt
1<?xml version="1.0" encoding="utf-8"?>
2<manifest xmlns:android="http://schemas.android.com/apk/res/android"
3    package="com.yl2"
4    android:versionCode="1"
5    android:versionName="1.0" >
6
7    <uses-sdk
8        android:minSdkVersion="19"
8-->src/main/AndroidManifest.xml
9        android:targetSdkVersion="28" />
9-->src/main/AndroidManifest.xml
10
11    <uses-permission android:name="android.permission.INTERNET" />
11-->src/main/AndroidManifest.xml:4:5-67
11-->src/main/AndroidManifest.xml:4:22-64
12
13    <!-- Required -->
14    <uses-permission android:name="android.permission.CAMERA" />
14-->src/main/AndroidManifest.xml:36:5-65
14-->src/main/AndroidManifest.xml:36:22-62
15
16    <!-- Include this only if you are planning to use the camera roll -->
17    <uses-permission android:name="android.permission.READ_EXTERNAL_STORAGE" />
17-->src/main/AndroidManifest.xml:39:5-80
17-->src/main/AndroidManifest.xml:39:22-77
18
19    <!-- Include this only if you are planning to use the microphone for video recording -->
20    <uses-permission android:name="android.permission.RECORD_AUDIO" />
20-->src/main/AndroidManifest.xml:42:5-70
20-->src/main/AndroidManifest.xml:42:22-68
21    <uses-permission android:name="android.permission.ACCESS_WIFI_STATE" />
21-->[com.facebook.flipper:flipper:0.33.1] AndroidManifest.xml:16:5-76
21-->[com.facebook.flipper:flipper:0.33.1] AndroidManifest.xml:16:22-73
22
23    <uses-feature
23-->[:react-native-camera] AndroidManifest.xml:11:5-13:36
24        android:name="android.hardware.camera"
24-->[:react-native-camera] AndroidManifest.xml:12:9-47
25        android:required="false" />
25-->[:react-native-camera] AndroidManifest.xml:13:9-33
26    <uses-feature
26-->[:react-native-camera] AndroidManifest.xml:14:5-16:36
27        android:name="android.hardware.camera.autofocus"
27-->[:react-native-camera] AndroidManifest.xml:15:9-57
28        android:required="false" /> <!-- Required to access Google Play Licensing -->
28-->[:react-native-camera] AndroidManifest.xml:16:9-33
29    <uses-permission android:name="com.android.vending.CHECK_LICENSE" />
29-->[:rn-fetch-blob] AndroidManifest.xml:12:5-73
29-->[:rn-fetch-blob] AndroidManifest.xml:12:22-70
30    <!--
31         Required to keep CPU alive while downloading files
32        (NOT to keep screen awake)
33    -->
34    <uses-permission android:name="android.permission.WAKE_LOCK" />
34-->[:rn-fetch-blob] AndroidManifest.xml:21:5-68
34-->[:rn-fetch-blob] AndroidManifest.xml:21:22-65
35    <!--
36         Required to poll the state of the network connection
37        and respond to changes
38    -->
39    <uses-permission android:name="android.permission.ACCESS_NETWORK_STATE" /> <!-- Required to read and write the expansion files on shared storage -->
39-->[:rn-fetch-blob] AndroidManifest.xml:27:5-79
39-->[:rn-fetch-blob] AndroidManifest.xml:27:22-76
40    <uses-permission android:name="android.permission.WRITE_EXTERNAL_STORAGE" />
40-->[:rn-fetch-blob] AndroidManifest.xml:33:5-81
40-->[:rn-fetch-blob] AndroidManifest.xml:33:22-78
41
42    <application
42-->src/main/AndroidManifest.xml:6:5-33:19
43        android:name="com.yl2.MainApplication"
43-->src/main/AndroidManifest.xml:7:7-38
44        android:allowBackup="false"
44-->src/main/AndroidManifest.xml:11:7-34
45        android:appComponentFactory="androidx.core.app.CoreComponentFactory"
45-->[androidx.core:core:1.1.0] AndroidManifest.xml:24:18-86
46        android:debuggable="true"
47        android:icon="@mipmap/ic_launcher"
47-->src/main/AndroidManifest.xml:9:7-41
48        android:label="@string/app_name"
48-->src/main/AndroidManifest.xml:8:7-39
49        android:roundIcon="@mipmap/ic_launcher_round"
49-->src/main/AndroidManifest.xml:10:7-52
50        android:testOnly="true"
51        android:theme="@style/AppTheme"
51-->src/main/AndroidManifest.xml:12:7-38
52        android:usesCleartextTraffic="true" >
52-->src/main/AndroidManifest.xml:13:7-42
53        <activity
53-->src/main/AndroidManifest.xml:14:7-22:18
54            android:name="com.yl2.SplashActivity"
54-->src/main/AndroidManifest.xml:15:9-39
55            android:label="@string/app_name"
55-->src/main/AndroidManifest.xml:17:9-41
56            android:theme="@style/SplashTheme" >
56-->src/main/AndroidManifest.xml:16:9-43
57            <intent-filter>
57-->src/main/AndroidManifest.xml:18:9-21:25
58                <action android:name="android.intent.action.MAIN" />
58-->src/main/AndroidManifest.xml:19:13-65
58-->src/main/AndroidManifest.xml:19:21-62
59
60                <category android:name="android.intent.category.LAUNCHER" />
60-->src/main/AndroidManifest.xml:20:13-73
60-->src/main/AndroidManifest.xml:20:23-70
61            </intent-filter>
62        </activity>
63        <activity
63-->src/main/AndroidManifest.xml:23:7-31:18
64            android:name="com.yl2.MainActivity"
64-->src/main/AndroidManifest.xml:24:9-37
65            android:configChanges="keyboard|keyboardHidden|orientation|screenSize|uiMode"
65-->src/main/AndroidManifest.xml:27:9-86
66            android:exported="true"
66-->src/main/AndroidManifest.xml:28:9-32
67            android:label="@string/app_name"
67-->src/main/AndroidManifest.xml:26:9-41
68            android:launchMode="singleTask"
68-->src/main/AndroidManifest.xml:29:9-40
69            android:theme="@style/AppTheme"
69-->src/main/AndroidManifest.xml:25:9-40
70            android:windowSoftInputMode="adjustPan" >
70-->src/main/AndroidManifest.xml:30:9-48
71        </activity>
72        <activity android:name="com.facebook.react.devsupport.DevSettingsActivity" />
72-->src/main/AndroidManifest.xml:32:7-84
72-->src/main/AndroidManifest.xml:32:17-81
73
74        <provider
74-->[:rn-fetch-blob] AndroidManifest.xml:36:9-44:20
75            android:name="com.RNFetchBlob.Utils.FileProvider"
75-->[:rn-fetch-blob] AndroidManifest.xml:37:13-62
76            android:authorities="com.yl2.provider"
76-->[:rn-fetch-blob] AndroidManifest.xml:38:13-60
77            android:exported="false"
77-->[:rn-fetch-blob] AndroidManifest.xml:39:13-37
78            android:grantUriPermissions="true" >
78-->[:rn-fetch-blob] AndroidManifest.xml:40:13-47
79            <meta-data
79-->[:rn-fetch-blob] AndroidManifest.xml:41:13-43:58
80                android:name="android.support.FILE_PROVIDER_PATHS"
80-->[:rn-fetch-blob] AndroidManifest.xml:42:17-67
81                android:resource="@xml/provider_paths" />
81-->[:rn-fetch-blob] AndroidManifest.xml:43:17-55
82        </provider>
83
84        <activity
84-->[com.google.android.gms:play-services-base:16.0.1] AndroidManifest.xml:23:9-26:75
85            android:name="com.google.android.gms.common.api.GoogleApiActivity"
85-->[com.google.android.gms:play-services-base:16.0.1] AndroidManifest.xml:24:13-79
86            android:exported="false"
86-->[com.google.android.gms:play-services-base:16.0.1] AndroidManifest.xml:25:13-37
87            android:theme="@android:style/Theme.Translucent.NoTitleBar" />
87-->[com.google.android.gms:play-services-base:16.0.1] AndroidManifest.xml:26:13-72
88
89        <meta-data
89-->[com.google.android.gms:play-services-basement:16.1.0] AndroidManifest.xml:23:9-25:69
90            android:name="com.google.android.gms.version"
90-->[com.google.android.gms:play-services-basement:16.1.0] AndroidManifest.xml:24:13-58
91            android:value="@integer/google_play_services_version" />
91-->[com.google.android.gms:play-services-basement:16.1.0] AndroidManifest.xml:25:13-66
92    </application>
93
94</manifest>